<?xml version="1.0" encoding="UTF-8"?>
<testsuite xmlns:xsi="http://www.w3.org/2001/XMLSchema-instance" xsi:noNamespaceSchemaLocation="https://maven.apache.org/surefire/maven-surefire-plugin/xsd/surefire-test-report.xsd" name="RunnerTest" time="60.763" tests="10" errors="8" skipped="0" failures="0">
  <properties>
[...]
</properties>
  <testcase name="printVladivostok{String}" classname="RunnerTest" time="0.837">
    <error message="No ParameterResolver registered for parameter [java.lang.String arg0] in method [void RunnerTest.printVladivostok(java.lang.String) throws java.io.IOException]." type="org.junit.jupiter.api.extension.ParameterResolutionException">org.junit.jupiter.api.extension.ParameterResolutionException: No ParameterResolver registered for parameter [java.lang.String arg0] in method [void RunnerTest.printVladivostok(java.lang.String) throws java.io.IOException].
</error>
  </testcase>
  <testcase name="sortBy{Category}" classname="RunnerTest" time="0.336">
    <error message="No ParameterResolver registered for parameter [Category arg0] in method [void RunnerTest.sortBy(Category) throws java.io.IOException]." type="org.junit.jupiter.api.extension.ParameterResolutionException">org.junit.jupiter.api.extension.ParameterResolutionException: No ParameterResolver registered for parameter [Category arg0] in method [void RunnerTest.sortBy(Category) throws java.io.IOException].
</error>
  </testcase>
  <testcase name="openPage{String}" classname="RunnerTest" time="0.072">
    <error message="No ParameterResolver registered for parameter [java.lang.String arg0] in method [void RunnerTest.openPage(java.lang.String) throws java.io.IOException]." type="org.junit.jupiter.api.extension.ParameterResolutionException">org.junit.jupiter.api.extension.ParameterResolutionException: No ParameterResolver registered for parameter [java.lang.String arg0] in method [void RunnerTest.openPage(java.lang.String) throws java.io.IOException].
</error>
  </testcase>
  <testcase name="printFirstThree{int}" classname="RunnerTest" time="0.042">
    <error message="No ParameterResolver registered for parameter [int arg0] in method [void RunnerTest.printFirstThree(int) throws java.io.IOException]." type="org.junit.jupiter.api.extension.ParameterResolutionException">org.junit.jupiter.api.extension.ParameterResolutionException: No ParameterResolver registered for parameter [int arg0] in method [void RunnerTest.printFirstThree(int) throws java.io.IOException].
</error>
  </testcase>
  <testcase name="printPrinter{String}" classname="RunnerTest" time="0.028">
    <error message="No ParameterResolver registered for parameter [java.lang.String arg0] in method [void RunnerTest.printPrinter(java.lang.String) throws java.lang.InterruptedException,java.io.IOException]." type="org.junit.jupiter.api.extension.ParameterResolutionException">org.junit.jupiter.api.extension.ParameterResolutionException: No ParameterResolver registered for parameter [java.lang.String arg0] in method [void RunnerTest.printPrinter(java.lang.String) throws java.lang.InterruptedException,java.io.IOException].
</error>
  </testcase>
  <testcase name="clickReg" classname="RunnerTest" time="0.545">
    <error message="Cannot invoke &quot;org.openqa.selenium.WebDriver.findElement(org.openqa.selenium.By)&quot; because &quot;RunnerTest.driver&quot; is null" type="java.lang.NullPointerException">java.lang.NullPointerException: Cannot invoke "org.openqa.selenium.WebDriver.findElement(org.openqa.selenium.By)" because "RunnerTest.driver" is null
	at RunnerTest.clickReg(RunnerTest.java:95)
</error>
  </testcase>
  <testcase name="chooseCat{Category}" classname="RunnerTest" time="0.244">
    <error message="No ParameterResolver registered for parameter [Category arg0] in method [void RunnerTest.chooseCat(Category) throws java.io.IOException]." type="org.junit.jupiter.api.extension.ParameterResolutionException">org.junit.jupiter.api.extension.ParameterResolutionException: No ParameterResolver registered for parameter [Category arg0] in method [void RunnerTest.chooseCat(Category) throws java.io.IOException].
</error>
  </testcase>
  <testcase name="openAvito" classname="RunnerTest" time="30.746"/>
  <testcase name="checkBox" classname="RunnerTest" time="27.064"/>
  <testcase name="showAds" classname="RunnerTest" time="0.138">
    <error message="Cannot enter synchronized block because &quot;RunnerTest.waiter&quot; is null" type="java.lang.NullPointerException">java.lang.NullPointerException: Cannot enter synchronized block because "RunnerTest.waiter" is null
	at RunnerTest.showAds(RunnerTest.java:112)
</error>
  </testcase>
</testsuite>